\BOOKMARK [0][-]{chapter.1}{\376\377\000P\000r\000\351\000s\000e\000n\000t\000a\000t\000i\000o\000n\000\040\000d\000u\000\040\000p\000r\000o\000j\000e\000t}{}% 1
\BOOKMARK [1][-]{section.1.1}{\376\377\000I\000n\000t\000r\000o\000d\000u\000c\000t\000i\000o\000n}{chapter.1}% 2
\BOOKMARK [1][-]{section.1.2}{\376\377\000D\000\351\000f\000i\000n\000i\000t\000i\000o\000n\000\040\000d\000e\000\040\000s\000u\000j\000e\000t}{chapter.1}% 3
\BOOKMARK [1][-]{section.1.3}{\376\377\000C\000a\000h\000i\000e\000r\000\040\000d\000e\000\040\000c\000h\000a\000r\000g\000e}{chapter.1}% 4
\BOOKMARK [2][-]{subsection.1.3.1}{\376\377\000I\000n\000t\000r\000o\000d\000u\000c\000t\000i\000o\000n}{section.1.3}% 5
\BOOKMARK [2][-]{subsection.1.3.2}{\376\377\000A\000c\000t\000e\000u\000r\000s\000\040\000d\000u\000\040\000s\000y\000s\000t\000\350\000m\000e}{section.1.3}% 6
\BOOKMARK [2][-]{subsection.1.3.3}{\376\377\000D\000o\000n\000n\000\351\000e\000s\000\040\000m\000a\000n\000i\000p\000u\000l\000\351\000e\000s\000\040\000d\000a\000n\000s\000\040\000l\000e\000\040\000s\000y\000s\000t\000\350\000m\000e}{section.1.3}% 7
\BOOKMARK [2][-]{subsection.1.3.4}{\376\377\000D\000r\000o\000i\000t\000s\000\040\000d\040\031\000a\000c\000c\000\350\000s}{section.1.3}% 8
\BOOKMARK [3][-]{subsubsection.1.3.4.1}{\376\377\000A\000d\000m\000i\000n\000i\000s\000t\000r\000a\000t\000e\000u\000r\000\040\000:}{subsection.1.3.4}% 9
\BOOKMARK [3][-]{subsubsection.1.3.4.2}{\376\377\000\040\000M\000\351\000d\000e\000c\000i\000n\000\040\000:}{subsection.1.3.4}% 10
\BOOKMARK [3][-]{subsubsection.1.3.4.3}{\376\377\000R\000a\000d\000i\000o\000l\000o\000g\000u\000e\000\040\000:}{subsection.1.3.4}% 11
\BOOKMARK [3][-]{subsubsection.1.3.4.4}{\376\377\000P\000a\000t\000i\000e\000n\000t\000s\000\040\000:}{subsection.1.3.4}% 12
\BOOKMARK [2][-]{subsection.1.3.5}{\376\377\000F\000o\000n\000c\000t\000i\000o\000n\000n\000a\000l\000i\000t\000\351\000s}{section.1.3}% 13
\BOOKMARK [3][-]{subsubsection.1.3.5.1}{\376\377\000M\000\351\000d\000e\000c\000i\000n\000\040\000:}{subsection.1.3.5}% 14
\BOOKMARK [3][-]{subsubsection.1.3.5.2}{\376\377\000R\000a\000d\000i\000o\000l\000o\000g\000u\000e\000\040\000:}{subsection.1.3.5}% 15
\BOOKMARK [3][-]{subsubsection.1.3.5.3}{\376\377\000A\000d\000m\000i\000n\000i\000s\000t\000r\000a\000t\000e\000u\000r\000\040\000:}{subsection.1.3.5}% 16
\BOOKMARK [3][-]{subsubsection.1.3.5.4}{\376\377\000P\000a\000t\000i\000e\000n\000t\000\040\000:}{subsection.1.3.5}% 17
\BOOKMARK [1][-]{section.1.4}{\376\377\000P\000r\000o\000b\000l\000\351\000m\000a\000t\000i\000q\000u\000e}{chapter.1}% 18
\BOOKMARK [1][-]{section.1.5}{\376\377\000O\000b\000j\000e\000c\000t\000i\000f\000s}{chapter.1}% 19
\BOOKMARK [1][-]{section.1.6}{\376\377\000C\000o\000n\000c\000l\000u\000s\000i\000o\000n}{chapter.1}% 20
\BOOKMARK [0][-]{chapter.2}{\376\377\000A\000n\000a\000l\000y\000s\000e\000\040\000e\000t\000\040\000c\000o\000n\000c\000e\000p\000t\000i\000o\000n}{}% 21
\BOOKMARK [1][-]{section.2.1}{\376\377\000I\000n\000t\000r\000o\000d\000u\000c\000t\000i\000o\000n}{chapter.2}% 22
\BOOKMARK [1][-]{section.2.2}{\376\377\000A\000n\000a\000l\000y\000s\000e\000\040\000t\000h\000\351\000o\000r\000i\000q\000u\000e}{chapter.2}% 23
\BOOKMARK [1][-]{section.2.3}{\376\377\000A\000c\000t\000e\000u\000r\000s\000\040\000d\000u\000\040\000s\000y\000s\000t\000\350\000m\000e}{chapter.2}% 24
\BOOKMARK [1][-]{section.2.4}{\376\377\000R\000\351\000g\000l\000e\000s\000\040\000d\000e\000\040\000g\000e\000s\000t\000i\000o\000n}{chapter.2}% 25
\BOOKMARK [1][-]{section.2.5}{\376\377\000C\000o\000n\000c\000e\000p\000t\000i\000o\000n}{chapter.2}% 26
\BOOKMARK [1][-]{section.2.6}{\376\377\000D\000i\000c\000t\000i\000o\000n\000n\000a\000i\000r\000e\000\040\000d\000e\000\040\000d\000o\000n\000n\000\351\000e\000s}{chapter.2}% 27
\BOOKMARK [1][-]{section.2.7}{\376\377\000C\000h\000o\000i\000x\000\040\000d\000e\000s\000\040\000t\000e\000c\000h\000n\000o\000l\000o\000g\000i\000e\000s}{chapter.2}% 28
\BOOKMARK [1][-]{section.2.8}{\376\377\000C\000o\000n\000c\000l\000u\000s\000i\000o\000n}{chapter.2}% 29
\BOOKMARK [0][-]{chapter.3}{\376\377\000R\000\351\000a\000l\000i\000s\000a\000t\000i\000o\000n\000\040\000e\000t\000\040\000r\000\351\000s\000u\000l\000t\000a\000t\000s}{}% 30
\BOOKMARK [1][-]{section.3.1}{\376\377\000I\000n\000t\000r\000o\000d\000u\000c\000t\000i\000o\000n}{chapter.3}% 31
\BOOKMARK [1][-]{section.3.2}{\376\377\000I\000n\000t\000e\000r\000f\000a\000c\000e\000s\000\040\000g\000r\000a\000p\000h\000i\000q\000u\000e\000s}{chapter.3}% 32
\BOOKMARK [2][-]{subsection.3.2.1}{\376\377\000P\000a\000g\000e\000\040\000d\000e\000\040\000l\000o\000g\000i\000n}{section.3.2}% 33
\BOOKMARK [2][-]{subsection.3.2.2}{\376\377\000P\000r\000o\000f\000i\000l\000e\000\040\000d\000u\000\040\000p\000a\000t\000i\000e\000n\000t}{section.3.2}% 34
\BOOKMARK [2][-]{subsection.3.2.3}{\376\377\000D\000o\000s\000s\000i\000e\000r\000\040\000m\000e\000d\000i\000c\000a\000l\000\040\000d\000u\000\040\000p\000a\000t\000i\000e\000n\000t}{section.3.2}% 35
\BOOKMARK [1][-]{section.3.3}{\376\377\000C\000o\000n\000c\000l\000u\000s\000i\000o\000n}{chapter.3}% 36
